The system is: Linux - 3.10.0-1160.71.1.el7.x86_64 - x86_64
Compiling the C compiler identification source file "CMakeCCompilerId.c" succeeded.
Compiler: /usr/local/intel/parallel_studio_xe_2018/compilers_and_libraries_2018.1.163/linux/mpi/intel64/bin/mpiicc 
Build flags: -DVERBOSE_LEVEL=0
Id flags:  

The output was:
0


Compilation of the C compiler identification source "CMakeCCompilerId.c" produced "a.out"

The C compiler identification is Intel, found in "/home/manhop2/cs420/mp3/build/CMakeFiles/3.18.4/CompilerIdC/a.out"

Detecting C compiler ABI info compiled with the following output:
Change Dir: /home/manhop2/cs420/mp3/build/CMakeFiles/CMakeTmp

Run Build Command(s):/usr/bin/gmake cmTC_59918/fast && /usr/bin/gmake  -f CMakeFiles/cmTC_59918.dir/build.make CMakeFiles/cmTC_59918.dir/build
gmake[1]: Entering directory `/home/manhop2/cs420/mp3/build/CMakeFiles/CMakeTmp'
Building C object CMakeFiles/cmTC_59918.dir/CMakeCCompilerABI.c.o
/usr/local/intel/parallel_studio_xe_2018/compilers_and_libraries_2018.1.163/linux/mpi/intel64/bin/mpiicc   -DVERBOSE_LEVEL=0    -v -o CMakeFiles/cmTC_59918.dir/CMakeCCompilerABI.c.o -c /usr/local/cmake/3.18.4/share/cmake-3.18/Modules/CMakeCCompilerABI.c
mpiicc for the Intel(R) MPI Library 2018 Update 1 for Linux*
Copyright(C) 2003-2017, Intel Corporation.  All rights reserved.
icc version 18.0.1 (gcc version 7.2.0 compatibility)
/usr/local/intel/parallel_studio_xe_2018/compilers_and_libraries_2018.1.163/linux/bin/intel64/mcpcom    --target_efi2 --lang=c -_g -mP3OPT_inline_alloca -D__ICC=1800 -D__INTEL_COMPILER=1800 -D__INTEL_COMPILER_UPDATE=1 -D__PTRDIFF_TYPE__=long "-D__SIZE_TYPE__=unsigned long" -D__WCHAR_TYPE__=int "-D__WINT_TYPE__=unsigned int" "-D__INTMAX_TYPE__=long int" "-D__UINTMAX_TYPE__=long unsigned int" -D__LONG_MAX__=9223372036854775807L -D__QMSPP_ -D__OPTIMIZE__ -D__NO_MATH_INLINES -D__NO_STRING_INLINES -D__GNUC_GNU_INLINE__ -D__GNUC__=7 -D__GNUC_MINOR__=2 -D__GNUC_PATCHLEVEL__=0 -D__LP64__ -D_LP64 -D__GXX_ABI_VERSION=1010 "-D__USER_LABEL_PREFIX__= " -D__REGISTER_PREFIX__= -D__INTEL_RTTI__ -D__unix__ -D__unix -D__linux__ -D__linux -D__gnu_linux__ -B -Dunix -Dlinux "-_Asystem(unix)" -D__ELF__ -D__x86_64 -D__x86_64__ -D__amd64 -D__amd64__ "-_Acpu(x86_64)" "-_Amachine(x86_64)" -D__INTEL_COMPILER_BUILD_DATE=20171018 -D__INTEL_OFFLOAD -D__i686 -D__i686__ -D__pentiumpro -D__pentiumpro__ -D__pentium4 -D__pentium4__ -D__tune_pentium4__ -D__SSE2__ -D__SSE2_MATH__ -D__SSE__ -D__SSE_MATH__ -D__MMX__ -_k -_8 -_l --has_new_stdarg_support -_a -_b --gnu_version=70200 -_W5 --gcc-extern-inline --multibyte_chars -mGLOB_diag_suppress_sys -DVERBOSE_LEVEL=0 --system_preinclude /usr/include/stdc-predef.h -I/usr/local/intel/parallel_studio_xe_2018/compilers_and_libraries_2018.1.163/linux/mpi/intel64/include --array_section --simd --simd_func --offload_mode=1 --offload_target_names=gfx,GFX,mic,MIC --offload_unique_string=icc0491123646yfmaf8 -mGLOB_em64t=TRUE -mP1OPT_version=18.0-intel64 -mGLOB_diag_file=CMakeFiles/cmTC_59918.dir/CMakeCCompilerABI.c.diag -mGLOB_long_size_64 -mGLOB_routine_pointer_size_64 -mP1OPT_print_version=FALSE -mCG_use_gas_got_workaround=F -mP2OPT_align_option_used=TRUE -mGLOB_gcc_version=720 "-mGLOB_options_string=-I/usr/local/intel/parallel_studio_xe_2018/compilers_and_libraries_2018.1.163/linux/mpi/intel64/include -DVERBOSE_LEVEL=0 -v -o CMakeFiles/cmTC_59918.dir/CMakeCCompilerABI.c.o -c" -mGLOB_cxx_limited_range=FALSE -mCG_extend_parms=FALSE -mGLOB_compiler_bin_directory=/usr/local/intel/parallel_studio_xe_2018/compilers_and_libraries_2018.1.163/linux/bin/intel64 -mGLOB_as_output_backup_file_name=/tmp/icc13DxG4as_.s -mIPOPT_activate -mIPOPT_lite -mGLOB_instruction_tuning=0x0 -mGLOB_uarch_tuning=0x0 -mGLOB_product_id_code=0x22006d92 -mCG_bnl_movbe=T -mGLOB_extended_instructions=0x8 -mP3OPT_use_mspp_call_convention -mP2OPT_subs_out_of_bound=FALSE -mP2OPT_disam_type_based_disam=2 -mP2OPT_disam_assume_ansi_c -mP2OPT_checked_disam_ansi_alias=TRUE -mGLOB_ansi_alias -mPGOPTI_value_profile_use=T -mP2OPT_il0_array_sections=TRUE -mGLOB_offload_mode=1 -mP2OPT_offload_unique_var_string=icc0491123646yfmaf8 -mP2OPT_hlo_level=2 -mP2OPT_hlo -mP2OPT_hpo_rtt_control=0 -mIPOPT_args_in_regs=0 -mP2OPT_disam_assume_nonstd_intent_in=FALSE -mGLOB_imf_mapping_library=/usr/local/intel/parallel_studio_xe_2018/compilers_and_libraries_2018.1.163/linux/bin/intel64/libiml_attr.so -mPGOPTI_gen_threadsafe_level=0 -mIPOPT_lto_object_enabled -mIPOPT_lto_object_value=1 -mIPOPT_obj_output_file_name=CMakeFiles/cmTC_59918.dir/CMakeCCompilerABI.c.o -mIPOPT_whole_archive_fixup_file_name=/tmp/iccwarchZ43VY3 -mGLOB_linker_version=2.27 -mGLOB_driver_tempfile_name=/tmp/icctempfilesHCnD3 -mP3OPT_asm_target=P3OPT_ASM_TARGET_GAS -mGLOB_async_unwind_tables=TRUE -mGLOB_obj_output_file=CMakeFiles/cmTC_59918.dir/CMakeCCompilerABI.c.o -mGLOB_source_dialect=GLOB_SOURCE_DIALECT_C -mP1OPT_source_file_name=/usr/local/cmake/3.18.4/share/cmake-3.18/Modules/CMakeCCompilerABI.c -mP1OPT_full_source_file_name=/usr/local/cmake/3.18.4/share/cmake-3.18/Modules/CMakeCCompilerABI.c /usr/local/cmake/3.18.4/share/cmake-3.18/Modules/CMakeCCompilerABI.c
#include "..." search starts here:
#include <...> search starts here:
 /usr/local/intel/parallel_studio_xe_2018/compilers_and_libraries_2018.1.163/linux/mpi/intel64/include
 /usr/local/gcc/7.2.0/include
 /usr/local/intel/parallel_studio_xe_2018/compilers_and_libraries_2018.1.163/linux/ipp/include
 /usr/local/intel/parallel_studio_xe_2018/compilers_and_libraries_2018.1.163/linux/mkl/include
 /usr/local/intel/parallel_studio_xe_2018/compilers_and_libraries_2018.1.163/linux/pstl/include
 /usr/local/intel/parallel_studio_xe_2018/compilers_and_libraries_2018.1.163/linux/tbb/include
 /usr/local/intel/parallel_studio_xe_2018/compilers_and_libraries_2018.1.163/linux/tbb/include
 /usr/local/intel/parallel_studio_xe_2018/compilers_and_libraries_2018.1.163/linux/daal/include
 /usr/local/intel/parallel_studio_xe_2018/compilers_and_libraries_2018.1.163/linux/compiler/include/intel64
 /usr/local/intel/parallel_studio_xe_2018/compilers_and_libraries_2018.1.163/linux/compiler/include/icc
 /usr/local/intel/parallel_studio_xe_2018/compilers_and_libraries_2018.1.163/linux/compiler/include
 /usr/local/gcc/7.2.0/lib/gcc/x86_64-pc-linux-gnu/7.2.0/include
 /usr/local/gcc/7.2.0/lib/gcc/x86_64-pc-linux-gnu/7.2.0/include-fixed
 /usr/local/gcc/7.2.0/include/
 /usr/include
End of search list.
Linking C executable cmTC_59918
/usr/local/cmake/3.18.4/bin/cmake -E cmake_link_script CMakeFiles/cmTC_59918.dir/link.txt --verbose=1
/usr/local/intel/parallel_studio_xe_2018/compilers_and_libraries_2018.1.163/linux/mpi/intel64/bin/mpiicc -DVERBOSE_LEVEL=0   -v CMakeFiles/cmTC_59918.dir/CMakeCCompilerABI.c.o -o cmTC_59918 
mpiicc for the Intel(R) MPI Library 2018 Update 1 for Linux*
Copyright(C) 2003-2017, Intel Corporation.  All rights reserved.
icc version 18.0.1 (gcc version 7.2.0 compatibility)
/usr/local/intel/parallel_studio_xe_2018/compilers_and_libraries_2018.1.163/linux/bin/intel64/mcpcom    -mGLOB_em64t=TRUE -mP1OPT_version=18.0-intel64 -mGLOB_diag_file=CMakeFiles/cmTC_59918.dir/CMakeCCompilerABI.c.diag -mGLOB_long_size_64 -mGLOB_routine_pointer_size_64 -mP1OPT_print_version=FALSE -mCG_use_gas_got_workaround=F -mP2OPT_align_option_used=TRUE -mGLOB_gcc_version=720 "-mGLOB_options_string=-I/usr/local/intel/parallel_studio_xe_2018/compilers_and_libraries_2018.1.163/linux/mpi/intel64/include -DVERBOSE_LEVEL=0 -v -o cmTC_59918 -L/usr/local/intel/parallel_studio_xe_2018/compilers_and_libraries_2018.1.163/linux/mpi/intel64/lib/release_mt -L/usr/local/intel/parallel_studio_xe_2018/compilers_and_libraries_2018.1.163/linux/mpi/intel64/lib -Xlinker --enable-new-dtags -Xlinker -rpath -Xlinker /usr/local/intel/parallel_studio_xe_2018/compilers_and_libraries_2018.1.163/linux/mpi/intel64/lib/release_mt -Xlinker -rpath -Xlinker /usr/local/intel/parallel_studio_xe_2018/compilers_and_libraries_2018.1.163/linux/mpi/intel64/lib -Xlinker -rpath -Xlinker /opt/intel/mpi-rt/2017.0.0/intel64/lib/release_mt -Xlinker -rpath -Xlinker /opt/intel/mpi-rt/2017.0.0/intel64/lib -lmpifort -lmpi -lmpigi -ldl -lrt -lpthread" -mGLOB_cxx_limited_range=FALSE -mCG_extend_parms=FALSE -mGLOB_compiler_bin_directory=/usr/local/intel/parallel_studio_xe_2018/compilers_and_libraries_2018.1.163/linux/bin/intel64 -mGLOB_as_output_backup_file_name=/tmp/iccGUKmfmas_.s -mGLOB_dashboard_use_source_name -mIPOPT_activate -mGLOB_product_id_code=0x22006d92 -mP3OPT_use_mspp_call_convention -mP2OPT_subs_out_of_bound=FALSE -mP2OPT_disam_type_based_disam=2 -mP2OPT_disam_assume_ansi_c -mP2OPT_checked_disam_ansi_alias=TRUE -mGLOB_ansi_alias -mPGOPTI_value_profile_use=T -mGLOB_opt_report_use_source_name -mP2OPT_il0_array_sections=TRUE -mGLOB_offload_mode=1 -mP2OPT_offload_unique_var_string=icc1877357475Q5lPCd -mP2OPT_hlo -mP2OPT_hpo_rtt_control=0 -mIPOPT_args_in_regs=0 -mP2OPT_disam_assume_nonstd_intent_in=FALSE -mGLOB_imf_mapping_library=/usr/local/intel/parallel_studio_xe_2018/compilers_and_libraries_2018.1.163/linux/bin/intel64/libiml_attr.so -mPGOPTI_gen_threadsafe_level=0 -mIPOPT_link -mIPOPT_ipo_activate -mIPOPT_mo_activate -mIPOPT_source_files_list=/tmp/iccslisvkmZMl -mIPOPT_mo_global_data -mIPOPT_link_script_file=/tmp/iccscriptxvEdWl "-mIPOPT_cmdline_link="/lib/../lib64/crt1.o" "/lib/../lib64/crti.o" "/usr/local/gcc/7.2.0/lib/gcc/x86_64-pc-linux-gnu/7.2.0/crtbegin.o" "--eh-frame-hdr" "--build-id" "-dynamic-linker" "/lib64/ld-linux-x86-64.so.2" "-m" "elf_x86_64" "-L/usr/local/intel/parallel_studio_xe_2018/compilers_and_libraries_2018.1.163/linux/mpi/intel64/lib/release_mt" "-L/usr/local/intel/parallel_studio_xe_2018/compilers_and_libraries_2018.1.163/linux/mpi/intel64/lib" "-o" "cmTC_59918" "-L/usr/local/gcc/7.2.0/lib64" "-L/usr/local/gcc/7.2.0/lib" "-L/usr/local/intel/parallel_studio_xe_2018/clck/2018.1/lib/intel64" "-L/usr/local/intel/parallel_studio_xe_2018/compilers_and_libraries_2018.1.163/linux/ipp/lib/intel64" "-L/usr/local/intel/parallel_studio_xe_2018/compilers_and_libraries_2018.1.163/linux/compiler/lib/intel64_lin" "-L/usr/local/intel/parallel_studio_xe_2018/compilers_and_libraries_2018.1.163/linux/mkl/lib/intel64_lin" "-L/usr/local/intel/parallel_studio_xe_2018/compilers_and_libraries_2018.1.163/linux/tbb/lib/intel64/gcc4.4" "-L/usr/local/intel/parallel_studio_xe_2018/compilers_and_libraries_2018.1.163/linux/tbb/lib/intel64/gcc4.4" "-L/usr/local/intel/parallel_studio_xe_2018/compilers_and_libraries_2018.1.163/linux/daal/lib/intel64_lin" "-L/usr/local/intel/parallel_studio_xe_2018/compilers_and_libraries_2018.1.163/linux/compiler/lib/intel64_lin" "-L/usr/local/gcc/7.2.0/lib64/../lib64" "-L/usr/local/gcc/7.2.0/lib64/../lib64/" "-L/usr/local/gcc/7.2.0/lib/../lib64" "-L/usr/local/gcc/7.2.0/lib/../lib64/" "-L/usr/local/gcc/7.2.0/lib/gcc/x86_64-pc-linux-gnu/7.2.0/" "-L/usr/local/gcc/7.2.0/lib/gcc/x86_64-pc-linux-gnu/7.2.0/../../../../lib64" "-L/usr/local/gcc/7.2.0/lib/gcc/x86_64-pc-linux-gnu/7.2.0/../../../../lib64/" "-L/lib/../lib64" "-L/lib/../lib64/" "-L/usr/lib/../lib64" "-L/usr/lib/../lib64/" "-L/usr/local/gcc/7.2.0/lib64" "-L/usr/local/gcc/7.2.0/lib64/" "-L/usr/local/gcc/7.2.0/lib/" "-L/usr/local/intel/parallel_studio_xe_2018/clck/2018.1/lib/intel64/" "-L/usr/local/intel/parallel_studio_xe_2018/compilers_and_libraries_2018.1.163/linux/ipp/lib/intel64/" "-L/usr/local/intel/parallel_studio_xe_2018/compilers_and_libraries_2018.1.163/linux/compiler/lib/intel64_lin/" "-L/usr/local/intel/parallel_studio_xe_2018/compilers_and_libraries_2018.1.163/linux/mkl/lib/intel64_lin/" "-L/usr/local/intel/parallel_studio_xe_2018/compilers_and_libraries_2018.1.163/linux/tbb/lib/intel64/gcc4.4/" "-L/usr/local/intel/parallel_studio_xe_2018/compilers_and_libraries_2018.1.163/linux/daal/lib/intel64_lin/" "-L/usr/local/gcc/7.2.0/lib/gcc/x86_64-pc-linux-gnu/7.2.0/../../../" "-L/lib64" "-L/lib/" "-L/usr/lib64" "-L/usr/lib" "CMakeFiles/cmTC_59918.dir/CMakeCCompilerABI.c.o" "--enable-new-dtags" "-rpath" "/usr/local/intel/parallel_studio_xe_2018/compilers_and_libraries_2018.1.163/linux/mpi/intel64/lib/release_mt" "-rpath" "/usr/local/intel/parallel_studio_xe_2018/compilers_and_libraries_2018.1.163/linux/mpi/intel64/lib" "-rpath" "/opt/intel/mpi-rt/2017.0.0/intel64/lib/release_mt" "-rpath" "/opt/intel/mpi-rt/2017.0.0/intel64/lib" "-lmpifort" "-lmpi" "-lmpigi" "-ldl" "-lrt" "-lpthread" "-Bdynamic" "-Bstatic" "-limf" "-lsvml" "-lirng" "-Bdynamic" "-lm" "-Bstatic" "-lipgo" "-ldecimal" "--as-needed" "-Bdynamic" "-lcilkrts" "-lstdc++" "--no-as-needed" "-lgcc" "-lgcc_s" "-Bstatic" "-lirc" "-lsvml" "-Bdynamic" "-lc" "-lgcc" "-lgcc_s" "-Bstatic" "-lirc_s" "-Bdynamic" "-ldl" "-lc" "/usr/local/gcc/7.2.0/lib/gcc/x86_64-pc-linux-gnu/7.2.0/crtend.o" "/lib/../lib64/crtn.o"" -mIPOPT_il_in_obj -mIPOPT_ipo_activate_warn=FALSE -mIPOPT_obj_output_file_name=/tmp/ipo_iccoM9DTk.o -mIPOPT_whole_archive_fixup_file_name=/tmp/iccwarchnWoFKm -mGLOB_linker_version=2.27 -mGLOB_driver_tempfile_name=/tmp/icctempfilenHAPVm -mP3OPT_asm_target=P3OPT_ASM_TARGET_GAS -mGLOB_async_unwind_tables=TRUE -mGLOB_obj_output_file=/tmp/ipo_iccoM9DTk.o -mGLOB_source_dialect=GLOB_SOURCE_DIALECT_NONE -mP1OPT_source_file_name=ipo_out.c CMakeFiles/cmTC_59918.dir/CMakeCCompilerABI.c.o -mIPOPT_object_files=T -mIPOPT_assembly_files=/tmp/iccaliscG84bl -mIPOPT_generated_tempfiles=/tmp/iccelisyTZill -mIPOPT_embedded_object_base_name=/tmp/icceobjwhZwul -mIPOPT_cmdline_link_new_name=/tmp/iccllis4P6KDl
ld    /lib/../lib64/crt1.o /lib/../lib64/crti.o /usr/local/gcc/7.2.0/lib/gcc/x86_64-pc-linux-gnu/7.2.0/crtbegin.o --eh-frame-hdr --build-id -dynamic-linker /lib64/ld-linux-x86-64.so.2 -m elf_x86_64 -L/usr/local/intel/parallel_studio_xe_2018/compilers_and_libraries_2018.1.163/linux/mpi/intel64/lib/release_mt -L/usr/local/intel/parallel_studio_xe_2018/compilers_and_libraries_2018.1.163/linux/mpi/intel64/lib -o cmTC_59918 -L/usr/local/gcc/7.2.0/lib64 -L/usr/local/gcc/7.2.0/lib -L/usr/local/intel/parallel_studio_xe_2018/clck/2018.1/lib/intel64 -L/usr/local/intel/parallel_studio_xe_2018/compilers_and_libraries_2018.1.163/linux/ipp/lib/intel64 -L/usr/local/intel/parallel_studio_xe_2018/compilers_and_libraries_2018.1.163/linux/compiler/lib/intel64_lin -L/usr/local/intel/parallel_studio_xe_2018/compilers_and_libraries_2018.1.163/linux/mkl/lib/intel64_lin -L/usr/local/intel/parallel_studio_xe_2018/compilers_and_libraries_2018.1.163/linux/tbb/lib/intel64/gcc4.4 -L/usr/local/intel/parallel_studio_xe_2018/compilers_and_libraries_2018.1.163/linux/tbb/lib/intel64/gcc4.4 -L/usr/local/intel/parallel_studio_xe_2018/compilers_and_libraries_2018.1.163/linux/daal/lib/intel64_lin -L/usr/local/intel/parallel_studio_xe_2018/compilers_and_libraries_2018.1.163/linux/compiler/lib/intel64_lin -L/usr/local/gcc/7.2.0/lib64/../lib64 -L/usr/local/gcc/7.2.0/lib64/../lib64/ -L/usr/local/gcc/7.2.0/lib/../lib64 -L/usr/local/gcc/7.2.0/lib/../lib64/ -L/usr/local/gcc/7.2.0/lib/gcc/x86_64-pc-linux-gnu/7.2.0/ -L/usr/local/gcc/7.2.0/lib/gcc/x86_64-pc-linux-gnu/7.2.0/../../../../lib64 -L/usr/local/gcc/7.2.0/lib/gcc/x86_64-pc-linux-gnu/7.2.0/../../../../lib64/ -L/lib/../lib64 -L/lib/../lib64/ -L/usr/lib/../lib64 -L/usr/lib/../lib64/ -L/usr/local/gcc/7.2.0/lib64 -L/usr/local/gcc/7.2.0/lib64/ -L/usr/local/gcc/7.2.0/lib/ -L/usr/local/intel/parallel_studio_xe_2018/clck/2018.1/lib/intel64/ -L/usr/local/intel/parallel_studio_xe_2018/compilers_and_libraries_2018.1.163/linux/ipp/lib/intel64/ -L/usr/local/intel/parallel_studio_xe_2018/compilers_and_libraries_2018.1.163/linux/compiler/lib/intel64_lin/ -L/usr/local/intel/parallel_studio_xe_2018/compilers_and_libraries_2018.1.163/linux/mkl/lib/intel64_lin/ -L/usr/local/intel/parallel_studio_xe_2018/compilers_and_libraries_2018.1.163/linux/tbb/lib/intel64/gcc4.4/ -L/usr/local/intel/parallel_studio_xe_2018/compilers_and_libraries_2018.1.163/linux/daal/lib/intel64_lin/ -L/usr/local/gcc/7.2.0/lib/gcc/x86_64-pc-linux-gnu/7.2.0/../../../ -L/lib64 -L/lib/ -L/usr/lib64 -L/usr/lib CMakeFiles/cmTC_59918.dir/CMakeCCompilerABI.c.o --enable-new-dtags -rpath /usr/local/intel/parallel_studio_xe_2018/compilers_and_libraries_2018.1.163/linux/mpi/intel64/lib/release_mt -rpath /usr/local/intel/parallel_studio_xe_2018/compilers_and_libraries_2018.1.163/linux/mpi/intel64/lib -rpath /opt/intel/mpi-rt/2017.0.0/intel64/lib/release_mt -rpath /opt/intel/mpi-rt/2017.0.0/intel64/lib -lmpifort -lmpi -lmpigi -ldl -lrt -lpthread -Bdynamic -Bstatic -limf -lsvml -lirng -Bdynamic -lm -Bstatic -lipgo -ldecimal --as-needed -Bdynamic -lcilkrts -lstdc++ --no-as-needed -lgcc -lgcc_s -Bstatic -lirc -lsvml -Bdynamic -lc -lgcc -lgcc_s -Bstatic -lirc_s -Bdynamic -ldl -lc /usr/local/gcc/7.2.0/lib/gcc/x86_64-pc-linux-gnu/7.2.0/crtend.o /lib/../lib64/crtn.o
gmake[1]: Leaving directory `/home/manhop2/cs420/mp3/build/CMakeFiles/CMakeTmp'



Parsed C implicit include dir info from above output: rv=done
  found start of include info
  found start of implicit include info
    add: [/usr/local/intel/parallel_studio_xe_2018/compilers_and_libraries_2018.1.163/linux/mpi/intel64/include]
    add: [/usr/local/gcc/7.2.0/include]
    add: [/usr/local/intel/parallel_studio_xe_2018/compilers_and_libraries_2018.1.163/linux/ipp/include]
    add: [/usr/local/intel/parallel_studio_xe_2018/compilers_and_libraries_2018.1.163/linux/mkl/include]
    add: [/usr/local/intel/parallel_studio_xe_2018/compilers_and_libraries_2018.1.163/linux/pstl/include]
    add: [/usr/local/intel/parallel_studio_xe_2018/compilers_and_libraries_2018.1.163/linux/tbb/include]
    add: [/usr/local/intel/parallel_studio_xe_2018/compilers_and_libraries_2018.1.163/linux/tbb/include]
    add: [/usr/local/intel/parallel_studio_xe_2018/compilers_and_libraries_2018.1.163/linux/daal/include]
    add: [/usr/local/intel/parallel_studio_xe_2018/compilers_and_libraries_2018.1.163/linux/compiler/include/intel64]
    add: [/usr/local/intel/parallel_studio_xe_2018/compilers_and_libraries_2018.1.163/linux/compiler/include/icc]
    add: [/usr/local/intel/parallel_studio_xe_2018/compilers_and_libraries_2018.1.163/linux/compiler/include]
    add: [/usr/local/gcc/7.2.0/lib/gcc/x86_64-pc-linux-gnu/7.2.0/include]
    add: [/usr/local/gcc/7.2.0/lib/gcc/x86_64-pc-linux-gnu/7.2.0/include-fixed]
    add: [/usr/local/gcc/7.2.0/include/]
    add: [/usr/include]
  end of search list found
  collapse include dir [/usr/local/intel/parallel_studio_xe_2018/compilers_and_libraries_2018.1.163/linux/mpi/intel64/include] ==> [/usr/local/intel/parallel_studio_xe_2018/compilers_and_libraries_2018.1.163/linux/mpi/intel64/include]
  collapse include dir [/usr/local/gcc/7.2.0/include] ==> [/usr/local/gcc/7.2.0/include]
  collapse include dir [/usr/local/intel/parallel_studio_xe_2018/compilers_and_libraries_2018.1.163/linux/ipp/include] ==> [/usr/local/intel/parallel_studio_xe_2018/compilers_and_libraries_2018.1.163/linux/ipp/include]
  collapse include dir [/usr/local/intel/parallel_studio_xe_2018/compilers_and_libraries_2018.1.163/linux/mkl/include] ==> [/usr/local/intel/parallel_studio_xe_2018/compilers_and_libraries_2018.1.163/linux/mkl/include]
  collapse include dir [/usr/local/intel/parallel_studio_xe_2018/compilers_and_libraries_2018.1.163/linux/pstl/include] ==> [/usr/local/intel/parallel_studio_xe_2018/compilers_and_libraries_2018.1.163/linux/pstl/include]
  collapse include dir [/usr/local/intel/parallel_studio_xe_2018/compilers_and_libraries_2018.1.163/linux/tbb/include] ==> [/usr/local/intel/parallel_studio_xe_2018/compilers_and_libraries_2018.1.163/linux/tbb/include]
  collapse include dir [/usr/local/intel/parallel_studio_xe_2018/compilers_and_libraries_2018.1.163/linux/tbb/include] ==> [/usr/local/intel/parallel_studio_xe_2018/compilers_and_libraries_2018.1.163/linux/tbb/include]
  collapse include dir [/usr/local/intel/parallel_studio_xe_2018/compilers_and_libraries_2018.1.163/linux/daal/include] ==> [/usr/local/intel/parallel_studio_xe_2018/compilers_and_libraries_2018.1.163/linux/daal/include]
  collapse include dir [/usr/local/intel/parallel_studio_xe_2018/compilers_and_libraries_2018.1.163/linux/compiler/include/intel64] ==> [/usr/local/intel/parallel_studio_xe_2018/compilers_and_libraries_2018.1.163/linux/compiler/include/intel64]
  collapse include dir [/usr/local/intel/parallel_studio_xe_2018/compilers_and_libraries_2018.1.163/linux/compiler/include/icc] ==> [/usr/local/intel/parallel_studio_xe_2018/compilers_and_libraries_2018.1.163/linux/compiler/include/icc]
  collapse include dir [/usr/local/intel/parallel_studio_xe_2018/compilers_and_libraries_2018.1.163/linux/compiler/include] ==> [/usr/local/intel/parallel_studio_xe_2018/compilers_and_libraries_2018.1.163/linux/compiler/include]
  collapse include dir [/usr/local/gcc/7.2.0/lib/gcc/x86_64-pc-linux-gnu/7.2.0/include] ==> [/usr/local/gcc/7.2.0/lib/gcc/x86_64-pc-linux-gnu/7.2.0/include]
  collapse include dir [/usr/local/gcc/7.2.0/lib/gcc/x86_64-pc-linux-gnu/7.2.0/include-fixed] ==> [/usr/local/gcc/7.2.0/lib/gcc/x86_64-pc-linux-gnu/7.2.0/include-fixed]
  collapse include dir [/usr/local/gcc/7.2.0/include/] ==> [/usr/local/gcc/7.2.0/include]
  collapse include dir [/usr/include] ==> [/usr/include]
  implicit include dirs: [/usr/local/intel/parallel_studio_xe_2018/compilers_and_libraries_2018.1.163/linux/mpi/intel64/include;/usr/local/gcc/7.2.0/include;/usr/local/intel/parallel_studio_xe_2018/compilers_and_libraries_2018.1.163/linux/ipp/include;/usr/local/intel/parallel_studio_xe_2018/compilers_and_libraries_2018.1.163/linux/mkl/include;/usr/local/intel/parallel_studio_xe_2018/compilers_and_libraries_2018.1.163/linux/pstl/include;/usr/local/intel/parallel_studio_xe_2018/compilers_and_libraries_2018.1.163/linux/tbb/include;/usr/local/intel/parallel_studio_xe_2018/compilers_and_libraries_2018.1.163/linux/daal/include;/usr/local/intel/parallel_studio_xe_2018/compilers_and_libraries_2018.1.163/linux/compiler/include/intel64;/usr/local/intel/parallel_studio_xe_2018/compilers_and_libraries_2018.1.163/linux/compiler/include/icc;/usr/local/intel/parallel_studio_xe_2018/compilers_and_libraries_2018.1.163/linux/compiler/include;/usr/local/gcc/7.2.0/lib/gcc/x86_64-pc-linux-gnu/7.2.0/include;/usr/local/gcc/7.2.0/lib/gcc/x86_64-pc-linux-gnu/7.2.0/include-fixed;/usr/include]


Parsed C implicit link information from above output:
  link line regex: [^( *|.*[/\])(ld|CMAKE_LINK_STARTFILE-NOTFOUND|([^/\]+-)?ld|collect2)[^/\]*( |$)]
  ignore line: [Change Dir: /home/manhop2/cs420/mp3/build/CMakeFiles/CMakeTmp]
  ignore line: []
  ignore line: [Run Build Command(s):/usr/bin/gmake cmTC_59918/fast && /usr/bin/gmake  -f CMakeFiles/cmTC_59918.dir/build.make CMakeFiles/cmTC_59918.dir/build]
  ignore line: [gmake[1]: Entering directory `/home/manhop2/cs420/mp3/build/CMakeFiles/CMakeTmp']
  ignore line: [Building C object CMakeFiles/cmTC_59918.dir/CMakeCCompilerABI.c.o]
  ignore line: [/usr/local/intel/parallel_studio_xe_2018/compilers_and_libraries_2018.1.163/linux/mpi/intel64/bin/mpiicc   -DVERBOSE_LEVEL=0    -v -o CMakeFiles/cmTC_59918.dir/CMakeCCompilerABI.c.o -c /usr/local/cmake/3.18.4/share/cmake-3.18/Modules/CMakeCCompilerABI.c]
  ignore line: [mpiicc for the Intel(R) MPI Library 2018 Update 1 for Linux*]
  ignore line: [Copyright(C) 2003-2017  Intel Corporation.  All rights reserved.]
  ignore line: [icc version 18.0.1 (gcc version 7.2.0 compatibility)]
  ignore line: [/usr/local/intel/parallel_studio_xe_2018/compilers_and_libraries_2018.1.163/linux/bin/intel64/mcpcom    --target_efi2 --lang=c -_g -mP3OPT_inline_alloca -D__ICC=1800 -D__INTEL_COMPILER=1800 -D__INTEL_COMPILER_UPDATE=1 -D__PTRDIFF_TYPE__=long "-D__SIZE_TYPE__=unsigned long" -D__WCHAR_TYPE__=int "-D__WINT_TYPE__=unsigned int" "-D__INTMAX_TYPE__=long int" "-D__UINTMAX_TYPE__=long unsigned int" -D__LONG_MAX__=9223372036854775807L -D__QMSPP_ -D__OPTIMIZE__ -D__NO_MATH_INLINES -D__NO_STRING_INLINES -D__GNUC_GNU_INLINE__ -D__GNUC__=7 -D__GNUC_MINOR__=2 -D__GNUC_PATCHLEVEL__=0 -D__LP64__ -D_LP64 -D__GXX_ABI_VERSION=1010 "-D__USER_LABEL_PREFIX__= " -D__REGISTER_PREFIX__= -D__INTEL_RTTI__ -D__unix__ -D__unix -D__linux__ -D__linux -D__gnu_linux__ -B -Dunix -Dlinux "-_Asystem(unix)" -D__ELF__ -D__x86_64 -D__x86_64__ -D__amd64 -D__amd64__ "-_Acpu(x86_64)" "-_Amachine(x86_64)" -D__INTEL_COMPILER_BUILD_DATE=20171018 -D__INTEL_OFFLOAD -D__i686 -D__i686__ -D__pentiumpro -D__pentiumpro__ -D__pentium4 -D__pentium4__ -D__tune_pentium4__ -D__SSE2__ -D__SSE2_MATH__ -D__SSE__ -D__SSE_MATH__ -D__MMX__ -_k -_8 -_l --has_new_stdarg_support -_a -_b --gnu_version=70200 -_W5 --gcc-extern-inline --multibyte_chars -mGLOB_diag_suppress_sys -DVERBOSE_LEVEL=0 --system_preinclude /usr/include/stdc-predef.h -I/usr/local/intel/parallel_studio_xe_2018/compilers_and_libraries_2018.1.163/linux/mpi/intel64/include --array_section --simd --simd_func --offload_mode=1 --offload_target_names=gfx GFX mic MIC --offload_unique_string=icc0491123646yfmaf8 -mGLOB_em64t=TRUE -mP1OPT_version=18.0-intel64 -mGLOB_diag_file=CMakeFiles/cmTC_59918.dir/CMakeCCompilerABI.c.diag -mGLOB_long_size_64 -mGLOB_routine_pointer_size_64 -mP1OPT_print_version=FALSE -mCG_use_gas_got_workaround=F -mP2OPT_align_option_used=TRUE -mGLOB_gcc_version=720 "-mGLOB_options_string=-I/usr/local/intel/parallel_studio_xe_2018/compilers_and_libraries_2018.1.163/linux/mpi/intel64/include -DVERBOSE_LEVEL=0 -v -o CMakeFiles/cmTC_59918.dir/CMakeCCompilerABI.c.o -c" -mGLOB_cxx_limited_range=FALSE -mCG_extend_parms=FALSE -mGLOB_compiler_bin_directory=/usr/local/intel/parallel_studio_xe_2018/compilers_and_libraries_2018.1.163/linux/bin/intel64 -mGLOB_as_output_backup_file_name=/tmp/icc13DxG4as_.s -mIPOPT_activate -mIPOPT_lite -mGLOB_instruction_tuning=0x0 -mGLOB_uarch_tuning=0x0 -mGLOB_product_id_code=0x22006d92 -mCG_bnl_movbe=T -mGLOB_extended_instructions=0x8 -mP3OPT_use_mspp_call_convention -mP2OPT_subs_out_of_bound=FALSE -mP2OPT_disam_type_based_disam=2 -mP2OPT_disam_assume_ansi_c -mP2OPT_checked_disam_ansi_alias=TRUE -mGLOB_ansi_alias -mPGOPTI_value_profile_use=T -mP2OPT_il0_array_sections=TRUE -mGLOB_offload_mode=1 -mP2OPT_offload_unique_var_string=icc0491123646yfmaf8 -mP2OPT_hlo_level=2 -mP2OPT_hlo -mP2OPT_hpo_rtt_control=0 -mIPOPT_args_in_regs=0 -mP2OPT_disam_assume_nonstd_intent_in=FALSE -mGLOB_imf_mapping_library=/usr/local/intel/parallel_studio_xe_2018/compilers_and_libraries_2018.1.163/linux/bin/intel64/libiml_attr.so -mPGOPTI_gen_threadsafe_level=0 -mIPOPT_lto_object_enabled -mIPOPT_lto_object_value=1 -mIPOPT_obj_output_file_name=CMakeFiles/cmTC_59918.dir/CMakeCCompilerABI.c.o -mIPOPT_whole_archive_fixup_file_name=/tmp/iccwarchZ43VY3 -mGLOB_linker_version=2.27 -mGLOB_driver_tempfile_name=/tmp/icctempfilesHCnD3 -mP3OPT_asm_target=P3OPT_ASM_TARGET_GAS -mGLOB_async_unwind_tables=TRUE -mGLOB_obj_output_file=CMakeFiles/cmTC_59918.dir/CMakeCCompilerABI.c.o -mGLOB_source_dialect=GLOB_SOURCE_DIALECT_C -mP1OPT_source_file_name=/usr/local/cmake/3.18.4/share/cmake-3.18/Modules/CMakeCCompilerABI.c -mP1OPT_full_source_file_name=/usr/local/cmake/3.18.4/share/cmake-3.18/Modules/CMakeCCompilerABI.c /usr/local/cmake/3.18.4/share/cmake-3.18/Modules/CMakeCCompilerABI.c]
  ignore line: [#include "..." search starts here:]
  ignore line: [#include <...> search starts here:]
  ignore line: [ /usr/local/intel/parallel_studio_xe_2018/compilers_and_libraries_2018.1.163/linux/mpi/intel64/include]
  ignore line: [ /usr/local/gcc/7.2.0/include]
  ignore line: [ /usr/local/intel/parallel_studio_xe_2018/compilers_and_libraries_2018.1.163/linux/ipp/include]
  ignore line: [ /usr/local/intel/parallel_studio_xe_2018/compilers_and_libraries_2018.1.163/linux/mkl/include]
  ignore line: [ /usr/local/intel/parallel_studio_xe_2018/compilers_and_libraries_2018.1.163/linux/pstl/include]
  ignore line: [ /usr/local/intel/parallel_studio_xe_2018/compilers_and_libraries_2018.1.163/linux/tbb/include]
  ignore line: [ /usr/local/intel/parallel_studio_xe_2018/compilers_and_libraries_2018.1.163/linux/tbb/include]
  ignore line: [ /usr/local/intel/parallel_studio_xe_2018/compilers_and_libraries_2018.1.163/linux/daal/include]
  ignore line: [ /usr/local/intel/parallel_studio_xe_2018/compilers_and_libraries_2018.1.163/linux/compiler/include/intel64]
  ignore line: [ /usr/local/intel/parallel_studio_xe_2018/compilers_and_libraries_2018.1.163/linux/compiler/include/icc]
  ignore line: [ /usr/local/intel/parallel_studio_xe_2018/compilers_and_libraries_2018.1.163/linux/compiler/include]
  ignore line: [ /usr/local/gcc/7.2.0/lib/gcc/x86_64-pc-linux-gnu/7.2.0/include]
  ignore line: [ /usr/local/gcc/7.2.0/lib/gcc/x86_64-pc-linux-gnu/7.2.0/include-fixed]
  ignore line: [ /usr/local/gcc/7.2.0/include/]
  ignore line: [ /usr/include]
  ignore line: [End of search list.]
  ignore line: [Linking C executable cmTC_59918]
  ignore line: [/usr/local/cmake/3.18.4/bin/cmake -E cmake_link_script CMakeFiles/cmTC_59918.dir/link.txt --verbose=1]
  ignore line: [/usr/local/intel/parallel_studio_xe_2018/compilers_and_libraries_2018.1.163/linux/mpi/intel64/bin/mpiicc -DVERBOSE_LEVEL=0   -v CMakeFiles/cmTC_59918.dir/CMakeCCompilerABI.c.o -o cmTC_59918 ]
  ignore line: [mpiicc for the Intel(R) MPI Library 2018 Update 1 for Linux*]
  ignore line: [Copyright(C) 2003-2017  Intel Corporation.  All rights reserved.]
  ignore line: [icc version 18.0.1 (gcc version 7.2.0 compatibility)]
  ignore line: [/usr/local/intel/parallel_studio_xe_2018/compilers_and_libraries_2018.1.163/linux/bin/intel64/mcpcom    -mGLOB_em64t=TRUE -mP1OPT_version=18.0-intel64 -mGLOB_diag_file=CMakeFiles/cmTC_59918.dir/CMakeCCompilerABI.c.diag -mGLOB_long_size_64 -mGLOB_routine_pointer_size_64 -mP1OPT_print_version=FALSE -mCG_use_gas_got_workaround=F -mP2OPT_align_option_used=TRUE -mGLOB_gcc_version=720 "-mGLOB_options_string=-I/usr/local/intel/parallel_studio_xe_2018/compilers_and_libraries_2018.1.163/linux/mpi/intel64/include -DVERBOSE_LEVEL=0 -v -o cmTC_59918 -L/usr/local/intel/parallel_studio_xe_2018/compilers_and_libraries_2018.1.163/linux/mpi/intel64/lib/release_mt -L/usr/local/intel/parallel_studio_xe_2018/compilers_and_libraries_2018.1.163/linux/mpi/intel64/lib -Xlinker --enable-new-dtags -Xlinker -rpath -Xlinker /usr/local/intel/parallel_studio_xe_2018/compilers_and_libraries_2018.1.163/linux/mpi/intel64/lib/release_mt -Xlinker -rpath -Xlinker /usr/local/intel/parallel_studio_xe_2018/compilers_and_libraries_2018.1.163/linux/mpi/intel64/lib -Xlinker -rpath -Xlinker /opt/intel/mpi-rt/2017.0.0/intel64/lib/release_mt -Xlinker -rpath -Xlinker /opt/intel/mpi-rt/2017.0.0/intel64/lib -lmpifort -lmpi -lmpigi -ldl -lrt -lpthread" -mGLOB_cxx_limited_range=FALSE -mCG_extend_parms=FALSE -mGLOB_compiler_bin_directory=/usr/local/intel/parallel_studio_xe_2018/compilers_and_libraries_2018.1.163/linux/bin/intel64 -mGLOB_as_output_backup_file_name=/tmp/iccGUKmfmas_.s -mGLOB_dashboard_use_source_name -mIPOPT_activate -mGLOB_product_id_code=0x22006d92 -mP3OPT_use_mspp_call_convention -mP2OPT_subs_out_of_bound=FALSE -mP2OPT_disam_type_based_disam=2 -mP2OPT_disam_assume_ansi_c -mP2OPT_checked_disam_ansi_alias=TRUE -mGLOB_ansi_alias -mPGOPTI_value_profile_use=T -mGLOB_opt_report_use_source_name -mP2OPT_il0_array_sections=TRUE -mGLOB_offload_mode=1 -mP2OPT_offload_unique_var_string=icc1877357475Q5lPCd -mP2OPT_hlo -mP2OPT_hpo_rtt_control=0 -mIPOPT_args_in_regs=0 -mP2OPT_disam_assume_nonstd_intent_in=FALSE -mGLOB_imf_mapping_library=/usr/local/intel/parallel_studio_xe_2018/compilers_and_libraries_2018.1.163/linux/bin/intel64/libiml_attr.so -mPGOPTI_gen_threadsafe_level=0 -mIPOPT_link -mIPOPT_ipo_activate -mIPOPT_mo_activate -mIPOPT_source_files_list=/tmp/iccslisvkmZMl -mIPOPT_mo_global_data -mIPOPT_link_script_file=/tmp/iccscriptxvEdWl "-mIPOPT_cmdline_link="/lib/../lib64/crt1.o" "/lib/../lib64/crti.o" "/usr/local/gcc/7.2.0/lib/gcc/x86_64-pc-linux-gnu/7.2.0/crtbegin.o" "--eh-frame-hdr" "--build-id" "-dynamic-linker" "/lib64/ld-linux-x86-64.so.2" "-m" "elf_x86_64" "-L/usr/local/intel/parallel_studio_xe_2018/compilers_and_libraries_2018.1.163/linux/mpi/intel64/lib/release_mt" "-L/usr/local/intel/parallel_studio_xe_2018/compilers_and_libraries_2018.1.163/linux/mpi/intel64/lib" "-o" "cmTC_59918" "-L/usr/local/gcc/7.2.0/lib64" "-L/usr/local/gcc/7.2.0/lib" "-L/usr/local/intel/parallel_studio_xe_2018/clck/2018.1/lib/intel64" "-L/usr/local/intel/parallel_studio_xe_2018/compilers_and_libraries_2018.1.163/linux/ipp/lib/intel64" "-L/usr/local/intel/parallel_studio_xe_2018/compilers_and_libraries_2018.1.163/linux/compiler/lib/intel64_lin" "-L/usr/local/intel/parallel_studio_xe_2018/compilers_and_libraries_2018.1.163/linux/mkl/lib/intel64_lin" "-L/usr/local/intel/parallel_studio_xe_2018/compilers_and_libraries_2018.1.163/linux/tbb/lib/intel64/gcc4.4" "-L/usr/local/intel/parallel_studio_xe_2018/compilers_and_libraries_2018.1.163/linux/tbb/lib/intel64/gcc4.4" "-L/usr/local/intel/parallel_studio_xe_2018/compilers_and_libraries_2018.1.163/linux/daal/lib/intel64_lin" "-L/usr/local/intel/parallel_studio_xe_2018/compilers_and_libraries_2018.1.163/linux/compiler/lib/intel64_lin" "-L/usr/local/gcc/7.2.0/lib64/../lib64" "-L/usr/local/gcc/7.2.0/lib64/../lib64/" "-L/usr/local/gcc/7.2.0/lib/../lib64" "-L/usr/local/gcc/7.2.0/lib/../lib64/" "-L/usr/local/gcc/7.2.0/lib/gcc/x86_64-pc-linux-gnu/7.2.0/" "-L/usr/local/gcc/7.2.0/lib/gcc/x86_64-pc-linux-gnu/7.2.0/../../../../lib64" "-L/usr/local/gcc/7.2.0/lib/gcc/x86_64-pc-linux-gnu/7.2.0/../../../../lib64/" "-L/lib/../lib64" "-L/lib/../lib64/" "-L/usr/lib/../lib64" "-L/usr/lib/../lib64/" "-L/usr/local/gcc/7.2.0/lib64" "-L/usr/local/gcc/7.2.0/lib64/" "-L/usr/local/gcc/7.2.0/lib/" "-L/usr/local/intel/parallel_studio_xe_2018/clck/2018.1/lib/intel64/" "-L/usr/local/intel/parallel_studio_xe_2018/compilers_and_libraries_2018.1.163/linux/ipp/lib/intel64/" "-L/usr/local/intel/parallel_studio_xe_2018/compilers_and_libraries_2018.1.163/linux/compiler/lib/intel64_lin/" "-L/usr/local/intel/parallel_studio_xe_2018/compilers_and_libraries_2018.1.163/linux/mkl/lib/intel64_lin/" "-L/usr/local/intel/parallel_studio_xe_2018/compilers_and_libraries_2018.1.163/linux/tbb/lib/intel64/gcc4.4/" "-L/usr/local/intel/parallel_studio_xe_2018/compilers_and_libraries_2018.1.163/linux/daal/lib/intel64_lin/" "-L/usr/local/gcc/7.2.0/lib/gcc/x86_64-pc-linux-gnu/7.2.0/../../../" "-L/lib64" "-L/lib/" "-L/usr/lib64" "-L/usr/lib" "CMakeFiles/cmTC_59918.dir/CMakeCCompilerABI.c.o" "--enable-new-dtags" "-rpath" "/usr/local/intel/parallel_studio_xe_2018/compilers_and_libraries_2018.1.163/linux/mpi/intel64/lib/release_mt" "-rpath" "/usr/local/intel/parallel_studio_xe_2018/compilers_and_libraries_2018.1.163/linux/mpi/intel64/lib" "-rpath" "/opt/intel/mpi-rt/2017.0.0/intel64/lib/release_mt" "-rpath" "/opt/intel/mpi-rt/2017.0.0/intel64/lib" "-lmpifort" "-lmpi" "-lmpigi" "-ldl" "-lrt" "-lpthread" "-Bdynamic" "-Bstatic" "-limf" "-lsvml" "-lirng" "-Bdynamic" "-lm" "-Bstatic" "-lipgo" "-ldecimal" "--as-needed" "-Bdynamic" "-lcilkrts" "-lstdc++" "--no-as-needed" "-lgcc" "-lgcc_s" "-Bstatic" "-lirc" "-lsvml" "-Bdynamic" "-lc" "-lgcc" "-lgcc_s" "-Bstatic" "-lirc_s" "-Bdynamic" "-ldl" "-lc" "/usr/local/gcc/7.2.0/lib/gcc/x86_64-pc-linux-gnu/7.2.0/crtend.o" "/lib/../lib64/crtn.o"" -mIPOPT_il_in_obj -mIPOPT_ipo_activate_warn=FALSE -mIPOPT_obj_output_file_name=/tmp/ipo_iccoM9DTk.o -mIPOPT_whole_archive_fixup_file_name=/tmp/iccwarchnWoFKm -mGLOB_linker_version=2.27 -mGLOB_driver_tempfile_name=/tmp/icctempfilenHAPVm -mP3OPT_asm_target=P3OPT_ASM_TARGET_GAS -mGLOB_async_unwind_tables=TRUE -mGLOB_obj_output_file=/tmp/ipo_iccoM9DTk.o -mGLOB_source_dialect=GLOB_SOURCE_DIALECT_NONE -mP1OPT_source_file_name=ipo_out.c CMakeFiles/cmTC_59918.dir/CMakeCCompilerABI.c.o -mIPOPT_object_files=T -mIPOPT_assembly_files=/tmp/iccaliscG84bl -mIPOPT_generated_tempfiles=/tmp/iccelisyTZill -mIPOPT_embedded_object_base_name=/tmp/icceobjwhZwul -mIPOPT_cmdline_link_new_name=/tmp/iccllis4P6KDl]
  link line: [ld    /lib/../lib64/crt1.o /lib/../lib64/crti.o /usr/local/gcc/7.2.0/lib/gcc/x86_64-pc-linux-gnu/7.2.0/crtbegin.o --eh-frame-hdr --build-id -dynamic-linker /lib64/ld-linux-x86-64.so.2 -m elf_x86_64 -L/usr/local/intel/parallel_studio_xe_2018/compilers_and_libraries_2018.1.163/linux/mpi/intel64/lib/release_mt -L/usr/local/intel/parallel_studio_xe_2018/compilers_and_libraries_2018.1.163/linux/mpi/intel64/lib -o cmTC_59918 -L/usr/local/gcc/7.2.0/lib64 -L/usr/local/gcc/7.2.0/lib -L/usr/local/intel/parallel_studio_xe_2018/clck/2018.1/lib/intel64 -L/usr/local/intel/parallel_studio_xe_2018/compilers_and_libraries_2018.1.163/linux/ipp/lib/intel64 -L/usr/local/intel/parallel_studio_xe_2018/compilers_and_libraries_2018.1.163/linux/compiler/lib/intel64_lin -L/usr/local/intel/parallel_studio_xe_2018/compilers_and_libraries_2018.1.163/linux/mkl/lib/intel64_lin -L/usr/local/intel/parallel_studio_xe_2018/compilers_and_libraries_2018.1.163/linux/tbb/lib/intel64/gcc4.4 -L/usr/local/intel/parallel_studio_xe_2018/compilers_and_libraries_2018.1.163/linux/tbb/lib/intel64/gcc4.4 -L/usr/local/intel/parallel_studio_xe_2018/compilers_and_libraries_2018.1.163/linux/daal/lib/intel64_lin -L/usr/local/intel/parallel_studio_xe_2018/compilers_and_libraries_2018.1.163/linux/compiler/lib/intel64_lin -L/usr/local/gcc/7.2.0/lib64/../lib64 -L/usr/local/gcc/7.2.0/lib64/../lib64/ -L/usr/local/gcc/7.2.0/lib/../lib64 -L/usr/local/gcc/7.2.0/lib/../lib64/ -L/usr/local/gcc/7.2.0/lib/gcc/x86_64-pc-linux-gnu/7.2.0/ -L/usr/local/gcc/7.2.0/lib/gcc/x86_64-pc-linux-gnu/7.2.0/../../../../lib64 -L/usr/local/gcc/7.2.0/lib/gcc/x86_64-pc-linux-gnu/7.2.0/../../../../lib64/ -L/lib/../lib64 -L/lib/../lib64/ -L/usr/lib/../lib64 -L/usr/lib/../lib64/ -L/usr/local/gcc/7.2.0/lib64 -L/usr/local/gcc/7.2.0/lib64/ -L/usr/local/gcc/7.2.0/lib/ -L/usr/local/intel/parallel_studio_xe_2018/clck/2018.1/lib/intel64/ -L/usr/local/intel/parallel_studio_xe_2018/compilers_and_libraries_2018.1.163/linux/ipp/lib/intel64/ -L/usr/local/intel/parallel_studio_xe_2018/compilers_and_libraries_2018.1.163/linux/compiler/lib/intel64_lin/ -L/usr/local/intel/parallel_studio_xe_2018/compilers_and_libraries_2018.1.163/linux/mkl/lib/intel64_lin/ -L/usr/local/intel/parallel_studio_xe_2018/compilers_and_libraries_2018.1.163/linux/tbb/lib/intel64/gcc4.4/ -L/usr/local/intel/parallel_studio_xe_2018/compilers_and_libraries_2018.1.163/linux/daal/lib/intel64_lin/ -L/usr/local/gcc/7.2.0/lib/gcc/x86_64-pc-linux-gnu/7.2.0/../../../ -L/lib64 -L/lib/ -L/usr/lib64 -L/usr/lib CMakeFiles/cmTC_59918.dir/CMakeCCompilerABI.c.o --enable-new-dtags -rpath /usr/local/intel/parallel_studio_xe_2018/compilers_and_libraries_2018.1.163/linux/mpi/intel64/lib/release_mt -rpath /usr/local/intel/parallel_studio_xe_2018/compilers_and_libraries_2018.1.163/linux/mpi/intel64/lib -rpath /opt/intel/mpi-rt/2017.0.0/intel64/lib/release_mt -rpath /opt/intel/mpi-rt/2017.0.0/intel64/lib -lmpifort -lmpi -lmpigi -ldl -lrt -lpthread -Bdynamic -Bstatic -limf -lsvml -lirng -Bdynamic -lm -Bstatic -lipgo -ldecimal --as-needed -Bdynamic -lcilkrts -lstdc++ --no-as-needed -lgcc -lgcc_s -Bstatic -lirc -lsvml -Bdynamic -lc -lgcc -lgcc_s -Bstatic -lirc_s -Bdynamic -ldl -lc /usr/local/gcc/7.2.0/lib/gcc/x86_64-pc-linux-gnu/7.2.0/crtend.o /lib/../lib64/crtn.o]
    arg [ld] ==> ignore
    arg [/lib/../lib64/crt1.o] ==> ignore
    arg [/lib/../lib64/crti.o] ==> ignore
    arg [/usr/local/gcc/7.2.0/lib/gcc/x86_64-pc-linux-gnu/7.2.0/crtbegin.o] ==> ignore
    arg [--eh-frame-hdr] ==> ignore
    arg [--build-id] ==> ignore
    arg [-dynamic-linker] ==> ignore
    arg [/lib64/ld-linux-x86-64.so.2] ==> ignore
    arg [-m] ==> ignore
    arg [elf_x86_64] ==> ignore
    arg [-L/usr/local/intel/parallel_studio_xe_2018/compilers_and_libraries_2018.1.163/linux/mpi/intel64/lib/release_mt] ==> dir [/usr/local/intel/parallel_studio_xe_2018/compilers_and_libraries_2018.1.163/linux/mpi/intel64/lib/release_mt]
    arg [-L/usr/local/intel/parallel_studio_xe_2018/compilers_and_libraries_2018.1.163/linux/mpi/intel64/lib] ==> dir [/usr/local/intel/parallel_studio_xe_2018/compilers_and_libraries_2018.1.163/linux/mpi/intel64/lib]
    arg [-o] ==> ignore
    arg [cmTC_59918] ==> ignore
    arg [-L/usr/local/gcc/7.2.0/lib64] ==> dir [/usr/local/gcc/7.2.0/lib64]
    arg [-L/usr/local/gcc/7.2.0/lib] ==> dir [/usr/local/gcc/7.2.0/lib]
    arg [-L/usr/local/intel/parallel_studio_xe_2018/clck/2018.1/lib/intel64] ==> dir [/usr/local/intel/parallel_studio_xe_2018/clck/2018.1/lib/intel64]
    arg [-L/usr/local/intel/parallel_studio_xe_2018/compilers_and_libraries_2018.1.163/linux/ipp/lib/intel64] ==> dir [/usr/local/intel/parallel_studio_xe_2018/compilers_and_libraries_2018.1.163/linux/ipp/lib/intel64]
    arg [-L/usr/local/intel/parallel_studio_xe_2018/compilers_and_libraries_2018.1.163/linux/compiler/lib/intel64_lin] ==> dir [/usr/local/intel/parallel_studio_xe_2018/compilers_and_libraries_2018.1.163/linux/compiler/lib/intel64_lin]
    arg [-L/usr/local/intel/parallel_studio_xe_2018/compilers_and_libraries_2018.1.163/linux/mkl/lib/intel64_lin] ==> dir [/usr/local/intel/parallel_studio_xe_2018/compilers_and_libraries_2018.1.163/linux/mkl/lib/intel64_lin]
    arg [-L/usr/local/intel/parallel_studio_xe_2018/compilers_and_libraries_2018.1.163/linux/tbb/lib/intel64/gcc4.4] ==> dir [/usr/local/intel/parallel_studio_xe_2018/compilers_and_libraries_2018.1.163/linux/tbb/lib/intel64/gcc4.4]
    arg [-L/usr/local/intel/parallel_studio_xe_2018/compilers_and_libraries_2018.1.163/linux/tbb/lib/intel64/gcc4.4] ==> dir [/usr/local/intel/parallel_studio_xe_2018/compilers_and_libraries_2018.1.163/linux/tbb/lib/intel64/gcc4.4]
    arg [-L/usr/local/intel/parallel_studio_xe_2018/compilers_and_libraries_2018.1.163/linux/daal/lib/intel64_lin] ==> dir [/usr/local/intel/parallel_studio_xe_2018/compilers_and_libraries_2018.1.163/linux/daal/lib/intel64_lin]
    arg [-L/usr/local/intel/parallel_studio_xe_2018/compilers_and_libraries_2018.1.163/linux/compiler/lib/intel64_lin] ==> dir [/usr/local/intel/parallel_studio_xe_2018/compilers_and_libraries_2018.1.163/linux/compiler/lib/intel64_lin]
    arg [-L/usr/local/gcc/7.2.0/lib64/../lib64] ==> dir [/usr/local/gcc/7.2.0/lib64/../lib64]
    arg [-L/usr/local/gcc/7.2.0/lib64/../lib64/] ==> dir [/usr/local/gcc/7.2.0/lib64/../lib64/]
    arg [-L/usr/local/gcc/7.2.0/lib/../lib64] ==> dir [/usr/local/gcc/7.2.0/lib/../lib64]
    arg [-L/usr/local/gcc/7.2.0/lib/../lib64/] ==> dir [/usr/local/gcc/7.2.0/lib/../lib64/]
    arg [-L/usr/local/gcc/7.2.0/lib/gcc/x86_64-pc-linux-gnu/7.2.0/] ==> dir [/usr/local/gcc/7.2.0/lib/gcc/x86_64-pc-linux-gnu/7.2.0/]
    arg [-L/usr/local/gcc/7.2.0/lib/gcc/x86_64-pc-linux-gnu/7.2.0/../../../../lib64] ==> dir [/usr/local/gcc/7.2.0/lib/gcc/x86_64-pc-linux-gnu/7.2.0/../../../../lib64]
    arg [-L/usr/local/gcc/7.2.0/lib/gcc/x86_64-pc-linux-gnu/7.2.0/../../../../lib64/] ==> dir [/usr/local/gcc/7.2.0/lib/gcc/x86_64-pc-linux-gnu/7.2.0/../../../../lib64/]
    arg [-L/lib/../lib64] ==> dir [/lib/../lib64]
    arg [-L/lib/../lib64/] ==> dir [/lib/../lib64/]
    arg [-L/usr/lib/../lib64] ==> dir [/usr/lib/../lib64]
    arg [-L/usr/lib/../lib64/] ==> dir [/usr/lib/../lib64/]
    arg [-L/usr/local/gcc/7.2.0/lib64] ==> dir [/usr/local/gcc/7.2.0/lib64]
    arg [-L/usr/local/gcc/7.2.0/lib64/] ==> dir [/usr/local/gcc/7.2.0/lib64/]
    arg [-L/usr/local/gcc/7.2.0/lib/] ==> dir [/usr/local/gcc/7.2.0/lib/]
    arg [-L/usr/local/intel/parallel_studio_xe_2018/clck/2018.1/lib/intel64/] ==> dir [/usr/local/intel/parallel_studio_xe_2018/clck/2018.1/lib/intel64/]
    arg [-L/usr/local/intel/parallel_studio_xe_2018/compilers_and_libraries_2018.1.163/linux/ipp/lib/intel64/] ==> dir [/usr/local/intel/parallel_studio_xe_2018/compilers_and_libraries_2018.1.163/linux/ipp/lib/intel64/]
    arg [-L/usr/local/intel/parallel_studio_xe_2018/compilers_and_libraries_2018.1.163/linux/compiler/lib/intel64_lin/] ==> dir [/usr/local/intel/parallel_studio_xe_2018/compilers_and_libraries_2018.1.163/linux/compiler/lib/intel64_lin/]
    arg [-L/usr/local/intel/parallel_studio_xe_2018/compilers_and_libraries_2018.1.163/linux/mkl/lib/intel64_lin/] ==> dir [/usr/local/intel/parallel_studio_xe_2018/compilers_and_libraries_2018.1.163/linux/mkl/lib/intel64_lin/]
    arg [-L/usr/local/intel/parallel_studio_xe_2018/compilers_and_libraries_2018.1.163/linux/tbb/lib/intel64/gcc4.4/] ==> dir [/usr/local/intel/parallel_studio_xe_2018/compilers_and_libraries_2018.1.163/linux/tbb/lib/intel64/gcc4.4/]
    arg [-L/usr/local/intel/parallel_studio_xe_2018/compilers_and_libraries_2018.1.163/linux/daal/lib/intel64_lin/] ==> dir [/usr/local/intel/parallel_studio_xe_2018/compilers_and_libraries_2018.1.163/linux/daal/lib/intel64_lin/]
    arg [-L/usr/local/gcc/7.2.0/lib/gcc/x86_64-pc-linux-gnu/7.2.0/../../../] ==> dir [/usr/local/gcc/7.2.0/lib/gcc/x86_64-pc-linux-gnu/7.2.0/../../../]
    arg [-L/lib64] ==> dir [/lib64]
    arg [-L/lib/] ==> dir [/lib/]
    arg [-L/usr/lib64] ==> dir [/usr/lib64]
    arg [-L/usr/lib] ==> dir [/usr/lib]
    arg [CMakeFiles/cmTC_59918.dir/CMakeCCompilerABI.c.o] ==> ignore
    arg [--enable-new-dtags] ==> ignore
    arg [-rpath] ==> ignore
    arg [/usr/local/intel/parallel_studio_xe_2018/compilers_and_libraries_2018.1.163/linux/mpi/intel64/lib/release_mt] ==> ignore
    arg [-rpath] ==> ignore
    arg [/usr/local/intel/parallel_studio_xe_2018/compilers_and_libraries_2018.1.163/linux/mpi/intel64/lib] ==> ignore
    arg [-rpath] ==> ignore
    arg [/opt/intel/mpi-rt/2017.0.0/intel64/lib/release_mt] ==> ignore
    arg [-rpath] ==> ignore
    arg [/opt/intel/mpi-rt/2017.0.0/intel64/lib] ==> ignore
    arg [-lmpifort] ==> lib [mpifort]
    arg [-lmpi] ==> lib [mpi]
    arg [-lmpigi] ==> lib [mpigi]
    arg [-ldl] ==> lib [dl]
    arg [-lrt] ==> lib [rt]
    arg [-lpthread] ==> lib [pthread]
    arg [-Bdynamic] ==> ignore
    arg [-Bstatic] ==> ignore
    arg [-limf] ==> lib [imf]
    arg [-lsvml] ==> lib [svml]
    arg [-lirng] ==> lib [irng]
    arg [-Bdynamic] ==> ignore
    arg [-lm] ==> lib [m]
    arg [-Bstatic] ==> ignore
    arg [-lipgo] ==> lib [ipgo]
    arg [-ldecimal] ==> lib [decimal]
    arg [--as-needed] ==> ignore
    arg [-Bdynamic] ==> ignore
    arg [-lcilkrts] ==> lib [cilkrts]
    arg [-lstdc++] ==> lib [stdc++]
    arg [--no-as-needed] ==> ignore
    arg [-lgcc] ==> lib [gcc]
    arg [-lgcc_s] ==> lib [gcc_s]
    arg [-Bstatic] ==> ignore
    arg [-lirc] ==> lib [irc]
    arg [-lsvml] ==> lib [svml]
    arg [-Bdynamic] ==> ignore
    arg [-lc] ==> lib [c]
    arg [-lgcc] ==> lib [gcc]
    arg [-lgcc_s] ==> lib [gcc_s]
    arg [-Bstatic] ==> ignore
    arg [-lirc_s] ==> lib [irc_s]
    arg [-Bdynamic] ==> ignore
    arg [-ldl] ==> lib [dl]
    arg [-lc] ==> lib [c]
    arg [/usr/local/gcc/7.2.0/lib/gcc/x86_64-pc-linux-gnu/7.2.0/crtend.o] ==> ignore
    arg [/lib/../lib64/crtn.o] ==> ignore
  collapse library dir [/usr/local/intel/parallel_studio_xe_2018/compilers_and_libraries_2018.1.163/linux/mpi/intel64/lib/release_mt] ==> [/usr/local/intel/parallel_studio_xe_2018/compilers_and_libraries_2018.1.163/linux/mpi/intel64/lib/release_mt]
  collapse library dir [/usr/local/intel/parallel_studio_xe_2018/compilers_and_libraries_2018.1.163/linux/mpi/intel64/lib] ==> [/usr/local/intel/parallel_studio_xe_2018/compilers_and_libraries_2018.1.163/linux/mpi/intel64/lib]
  collapse library dir [/usr/local/gcc/7.2.0/lib64] ==> [/usr/local/gcc/7.2.0/lib64]
  collapse library dir [/usr/local/gcc/7.2.0/lib] ==> [/usr/local/gcc/7.2.0/lib]
  collapse library dir [/usr/local/intel/parallel_studio_xe_2018/clck/2018.1/lib/intel64] ==> [/usr/local/intel/parallel_studio_xe_2018/clck/2018.1/lib/intel64]
  collapse library dir [/usr/local/intel/parallel_studio_xe_2018/compilers_and_libraries_2018.1.163/linux/ipp/lib/intel64] ==> [/usr/local/intel/parallel_studio_xe_2018/compilers_and_libraries_2018.1.163/linux/ipp/lib/intel64]
  collapse library dir [/usr/local/intel/parallel_studio_xe_2018/compilers_and_libraries_2018.1.163/linux/compiler/lib/intel64_lin] ==> [/usr/local/intel/parallel_studio_xe_2018/compilers_and_libraries_2018.1.163/linux/compiler/lib/intel64_lin]
  collapse library dir [/usr/local/intel/parallel_studio_xe_2018/compilers_and_libraries_2018.1.163/linux/mkl/lib/intel64_lin] ==> [/usr/local/intel/parallel_studio_xe_2018/compilers_and_libraries_2018.1.163/linux/mkl/lib/intel64_lin]
  collapse library dir [/usr/local/intel/parallel_studio_xe_2018/compilers_and_libraries_2018.1.163/linux/tbb/lib/intel64/gcc4.4] ==> [/usr/local/intel/parallel_studio_xe_2018/compilers_and_libraries_2018.1.163/linux/tbb/lib/intel64/gcc4.4]
  collapse library dir [/usr/local/intel/parallel_studio_xe_2018/compilers_and_libraries_2018.1.163/linux/tbb/lib/intel64/gcc4.4] ==> [/usr/local/intel/parallel_studio_xe_2018/compilers_and_libraries_2018.1.163/linux/tbb/lib/intel64/gcc4.4]
  collapse library dir [/usr/local/intel/parallel_studio_xe_2018/compilers_and_libraries_2018.1.163/linux/daal/lib/intel64_lin] ==> [/usr/local/intel/parallel_studio_xe_2018/compilers_and_libraries_2018.1.163/linux/daal/lib/intel64_lin]
  collapse library dir [/usr/local/intel/parallel_studio_xe_2018/compilers_and_libraries_2018.1.163/linux/compiler/lib/intel64_lin] ==> [/usr/local/intel/parallel_studio_xe_2018/compilers_and_libraries_2018.1.163/linux/compiler/lib/intel64_lin]
  collapse library dir [/usr/local/gcc/7.2.0/lib64/../lib64] ==> [/usr/local/gcc/7.2.0/lib64]
  collapse library dir [/usr/local/gcc/7.2.0/lib64/../lib64/] ==> [/usr/local/gcc/7.2.0/lib64]
  collapse library dir [/usr/local/gcc/7.2.0/lib/../lib64] ==> [/usr/local/gcc/7.2.0/lib64]
  collapse library dir [/usr/local/gcc/7.2.0/lib/../lib64/] ==> [/usr/local/gcc/7.2.0/lib64]
  collapse library dir [/usr/local/gcc/7.2.0/lib/gcc/x86_64-pc-linux-gnu/7.2.0/] ==> [/usr/local/gcc/7.2.0/lib/gcc/x86_64-pc-linux-gnu/7.2.0]
  collapse library dir [/usr/local/gcc/7.2.0/lib/gcc/x86_64-pc-linux-gnu/7.2.0/../../../../lib64] ==> [/usr/local/gcc/7.2.0/lib64]
  collapse library dir [/usr/local/gcc/7.2.0/lib/gcc/x86_64-pc-linux-gnu/7.2.0/../../../../lib64/] ==> [/usr/local/gcc/7.2.0/lib64]
  collapse library dir [/lib/../lib64] ==> [/lib64]
  collapse library dir [/lib/../lib64/] ==> [/lib64]
  collapse library dir [/usr/lib/../lib64] ==> [/usr/lib64]
  collapse library dir [/usr/lib/../lib64/] ==> [/usr/lib64]
  collapse library dir [/usr/local/gcc/7.2.0/lib64] ==> [/usr/local/gcc/7.2.0/lib64]
  collapse library dir [/usr/local/gcc/7.2.0/lib64/] ==> [/usr/local/gcc/7.2.0/lib64]
  collapse library dir [/usr/local/gcc/7.2.0/lib/] ==> [/usr/local/gcc/7.2.0/lib]
  collapse library dir [/usr/local/intel/parallel_studio_xe_2018/clck/2018.1/lib/intel64/] ==> [/usr/local/intel/parallel_studio_xe_2018/clck/2018.1/lib/intel64]
  collapse library dir [/usr/local/intel/parallel_studio_xe_2018/compilers_and_libraries_2018.1.163/linux/ipp/lib/intel64/] ==> [/usr/local/intel/parallel_studio_xe_2018/compilers_and_libraries_2018.1.163/linux/ipp/lib/intel64]
  collapse library dir [/usr/local/intel/parallel_studio_xe_2018/compilers_and_libraries_2018.1.163/linux/compiler/lib/intel64_lin/] ==> [/usr/local/intel/parallel_studio_xe_2018/compilers_and_libraries_2018.1.163/linux/compiler/lib/intel64_lin]
  collapse library dir [/usr/local/intel/parallel_studio_xe_2018/compilers_and_libraries_2018.1.163/linux/mkl/lib/intel64_lin/] ==> [/usr/local/intel/parallel_studio_xe_2018/compilers_and_libraries_2018.1.163/linux/mkl/lib/intel64_lin]
  collapse library dir [/usr/local/intel/parallel_studio_xe_2018/compilers_and_libraries_2018.1.163/linux/tbb/lib/intel64/gcc4.4/] ==> [/usr/local/intel/parallel_studio_xe_2018/compilers_and_libraries_2018.1.163/linux/tbb/lib/intel64/gcc4.4]
  collapse library dir [/usr/local/intel/parallel_studio_xe_2018/compilers_and_libraries_2018.1.163/linux/daal/lib/intel64_lin/] ==> [/usr/local/intel/parallel_studio_xe_2018/compilers_and_libraries_2018.1.163/linux/daal/lib/intel64_lin]
  collapse library dir [/usr/local/gcc/7.2.0/lib/gcc/x86_64-pc-linux-gnu/7.2.0/../../../] ==> [/usr/local/gcc/7.2.0/lib]
  collapse library dir [/lib64] ==> [/lib64]
  collapse library dir [/lib/] ==> [/lib]
  collapse library dir [/usr/lib64] ==> [/usr/lib64]
  collapse library dir [/usr/lib] ==> [/usr/lib]
  implicit libs: [mpifort;mpi;mpigi;dl;rt;pthread;imf;svml;irng;m;ipgo;decimal;cilkrts;stdc++;gcc;gcc_s;irc;svml;c;gcc;gcc_s;irc_s;dl;c]
  implicit dirs: [/usr/local/intel/parallel_studio_xe_2018/compilers_and_libraries_2018.1.163/linux/mpi/intel64/lib/release_mt;/usr/local/intel/parallel_studio_xe_2018/compilers_and_libraries_2018.1.163/linux/mpi/intel64/lib;/usr/local/gcc/7.2.0/lib64;/usr/local/gcc/7.2.0/lib;/usr/local/intel/parallel_studio_xe_2018/clck/2018.1/lib/intel64;/usr/local/intel/parallel_studio_xe_2018/compilers_and_libraries_2018.1.163/linux/ipp/lib/intel64;/usr/local/intel/parallel_studio_xe_2018/compilers_and_libraries_2018.1.163/linux/compiler/lib/intel64_lin;/usr/local/intel/parallel_studio_xe_2018/compilers_and_libraries_2018.1.163/linux/mkl/lib/intel64_lin;/usr/local/intel/parallel_studio_xe_2018/compilers_and_libraries_2018.1.163/linux/tbb/lib/intel64/gcc4.4;/usr/local/intel/parallel_studio_xe_2018/compilers_and_libraries_2018.1.163/linux/daal/lib/intel64_lin;/usr/local/gcc/7.2.0/lib/gcc/x86_64-pc-linux-gnu/7.2.0;/lib64;/usr/lib64;/lib;/usr/lib]
  implicit fwks: []


